{"code":"ER_BAD_DB_ERROR","errno":1049,"fatal":true,"level":"error","message":"Error during Data Source initialization: ER_BAD_DB_ERROR: Unknown database 'savy'","sqlMessage":"Unknown database 'savy'","sqlState":"42000","stack":"Error: ER_BAD_DB_ERROR: Unknown database 'savy'\n    at Handshake.Sequence._packetToError (/home/remy/Desktop/savy/node_modules/mysql/lib/protocol/sequences/Sequence.js:47:14)\n    at Handshake.ErrorPacket (/home/remy/Desktop/savy/node_modules/mysql/lib/protocol/sequences/Handshake.js:123:18)\n    at Protocol._parsePacket (/home/remy/Desktop/savy/node_modules/mysql/lib/protocol/Protocol.js:291:23)\n    at Parser._parsePacket (/home/remy/Desktop/savy/node_modules/mysql/lib/protocol/Parser.js:433:10)\n    at Parser.write (/home/remy/Desktop/savy/node_modules/mysql/lib/protocol/Parser.js:43:10)\n    at Protocol.write (/home/remy/Desktop/savy/node_modules/mysql/lib/protocol/Protocol.js:38:16)\n    at Socket.<anonymous> (/home/remy/Desktop/savy/node_modules/mysql/lib/Connection.js:88:28)\n    at Socket.<anonymous> (/home/remy/Desktop/savy/node_modules/mysql/lib/Connection.js:526:10)\n    at Socket.emit (node:events:513:28)\n    at addChunk (node:internal/streams/readable:324:12)\n    --------------------\n    at Protocol._enqueue (/home/remy/Desktop/savy/node_modules/mysql/lib/protocol/Protocol.js:144:48)\n    at Protocol.handshake (/home/remy/Desktop/savy/node_modules/mysql/lib/protocol/Protocol.js:51:23)\n    at PoolConnection.connect (/home/remy/Desktop/savy/node_modules/mysql/lib/Connection.js:116:18)\n    at Pool.getConnection (/home/remy/Desktop/savy/node_modules/mysql/lib/Pool.js:48:16)\n    at /home/remy/Desktop/savy/src/driver/mysql/MysqlDriver.ts:1240:18\n    at new Promise (<anonymous>)\n    at MysqlDriver.createPool (/home/remy/Desktop/savy/src/driver/mysql/MysqlDriver.ts:1237:16)\n    at MysqlDriver.connect (/home/remy/Desktop/savy/src/driver/mysql/MysqlDriver.ts:392:36)\n    at DataSource.initialize (/home/remy/Desktop/savy/src/data-source/DataSource.ts:232:27)\n    at /home/remy/Desktop/savy/dist/apps/savy/webpack:/savy/apps/savy/src/main.ts:20:4"}
{"level":"info","message":"Data Source has been initialized!"}
{"level":"info","message":"Listening at http://localhost:3333"}
{"level":"info","message":"Data Source has been initialized!"}
{"level":"info","message":"Listening at http://localhost:3333"}
{"level":"info","message":"Data Source has been initialized!"}
{"level":"info","message":"Listening at http://localhost:3333"}
{"level":"info","message":"Data Source has been initialized!"}
{"level":"info","message":"Listening at http://localhost:3333"}
{"level":"info","message":"Data Source has been initialized!"}
{"level":"info","message":"Listening at http://localhost:3333"}
{"level":"info","message":"Data Source has been initialized!"}
{"level":"info","message":"Listening at http://localhost:3333"}
{"level":"info","message":"Data Source has been initialized!"}
{"level":"info","message":"Listening at http://localhost:3333"}
{"level":"info","message":"Data Source has been initialized!"}
{"level":"info","message":"Listening at http://localhost:3333"}
{"level":"info","message":"Data Source has been initialized!"}
{"level":"info","message":"Listening at http://localhost:3333"}
{"level":"info","message":"Data Source has been initialized!"}
{"level":"info","message":"Listening at http://localhost:3333"}
{"level":"info","message":"Data Source has been initialized!"}
{"level":"info","message":"Listening at http://localhost:3333"}
{"level":"info","message":"Data Source has been initialized!"}
{"level":"info","message":"Listening at http://localhost:3333"}
{"level":"info","message":"Data Source has been initialized!"}
{"level":"info","message":"Listening at http://localhost:3333"}
{"level":"info","message":"Data Source has been initialized!"}
{"level":"info","message":"Listening at http://localhost:3333"}
{"level":"info","message":"Data Source has been initialized!"}
{"level":"info","message":"Listening at http://localhost:3333"}
{"level":"info","message":"Data Source has been initialized!"}
{"level":"info","message":"Listening at http://localhost:3333"}
{"level":"info","message":"Data Source has been initialized!"}
{"level":"info","message":"Listening at http://localhost:3333"}
{"level":"info","message":"Data Source has been initialized!"}
{"level":"info","message":"Listening at http://localhost:3333"}
{"level":"error","message":"UNHANDLED REJECTION! 💥 Shutting down..."}
{"level":"error","message":"Error"}
{"level":"info","message":"Data Source has been initialized!"}
{"level":"info","message":"Listening at http://localhost:3333"}
{"level":"info","message":"Data Source has been initialized!"}
{"level":"info","message":"Listening at http://localhost:3333"}
{"level":"info","message":"Data Source has been initialized!"}
{"level":"info","message":"Listening at http://localhost:3333"}
{"level":"info","message":"Data Source has been initialized!"}
{"level":"info","message":"Listening at http://localhost:3333"}
{"level":"info","message":"Data Source has been initialized!"}
{"level":"info","message":"Listening at http://localhost:3333"}
{"level":"info","message":"Data Source has been initialized!"}
{"level":"info","message":"Listening at http://localhost:3333"}
{"level":"info","message":"Data Source has been initialized!"}
{"level":"info","message":"Listening at http://localhost:3333"}
{"level":"info","message":"Data Source has been initialized!"}
{"level":"info","message":"Listening at http://localhost:3333"}
{"level":"info","message":"Data Source has been initialized!"}
{"level":"info","message":"Listening at http://localhost:3333"}
{"level":"info","message":"Data Source has been initialized!"}
{"level":"info","message":"Listening at http://localhost:3333"}
{"level":"info","message":"Data Source has been initialized!"}
{"level":"info","message":"Listening at http://localhost:3333"}
{"level":"info","message":"Data Source has been initialized!"}
{"level":"info","message":"Listening at http://localhost:3333"}
{"level":"info","message":"Data Source has been initialized!"}
{"level":"info","message":"Listening at http://localhost:3333"}
{"level":"info","message":"Data Source has been initialized!"}
{"level":"info","message":"Listening at http://localhost:3333"}
{"level":"info","message":"Data Source has been initialized!"}
{"level":"info","message":"Listening at http://localhost:3333"}
{"level":"info","message":"Data Source has been initialized!"}
{"level":"info","message":"Listening at http://localhost:3333"}
{"level":"info","message":"Data Source has been initialized!"}
{"level":"info","message":"Listening at http://localhost:3333"}
{"level":"info","message":"Data Source has been initialized!"}
{"level":"info","message":"Listening at http://localhost:3333"}
{"level":"info","message":"Data Source has been initialized!"}
{"level":"info","message":"Listening at http://localhost:3333"}
{"level":"info","message":"Data Source has been initialized!"}
{"level":"info","message":"Listening at http://localhost:3333"}
{"level":"info","message":"Data Source has been initialized!"}
{"level":"info","message":"Listening at http://localhost:3333"}
{"level":"info","message":"Data Source has been initialized!"}
{"level":"info","message":"Listening at http://localhost:3333"}
{"level":"info","message":"Data Source has been initialized!"}
{"level":"info","message":"Listening at http://localhost:3333"}
{"level":"info","message":"Data Source has been initialized!"}
{"level":"info","message":"Listening at http://localhost:3333"}
{"level":"info","message":"Data Source has been initialized!"}
{"level":"info","message":"Listening at http://localhost:3333"}
{"level":"info","message":"Data Source has been initialized!"}
{"level":"info","message":"Listening at http://localhost:3333"}
{"level":"info","message":"Data Source has been initialized!"}
{"level":"info","message":"Listening at http://localhost:3333"}
{"level":"info","message":"Data Source has been initialized!"}
{"level":"info","message":"Listening at http://localhost:3333"}
{"level":"error","message":"UNHANDLED REJECTION! 💥 Shutting down..."}
{"level":"error","message":"RangeError"}
{"level":"info","message":"Data Source has been initialized!"}
{"level":"info","message":"Listening at http://localhost:3333"}
{"level":"info","message":"Data Source has been initialized!"}
{"level":"info","message":"Listening at http://localhost:3333"}
{"level":"error","message":"UNHANDLED REJECTION! 💥 Shutting down..."}
{"level":"error","message":"RangeError"}
{"level":"info","message":"Data Source has been initialized!"}
{"level":"info","message":"Listening at http://localhost:3333"}
{"level":"info","message":"Data Source has been initialized!"}
{"level":"info","message":"Listening at http://localhost:3333"}
{"level":"info","message":"Data Source has been initialized!"}
{"level":"info","message":"Listening at http://localhost:3333"}
{"level":"info","message":"Data Source has been initialized!"}
{"level":"info","message":"Listening at http://localhost:3333"}
{"level":"info","message":"Data Source has been initialized!"}
{"level":"info","message":"Listening at http://localhost:3333"}
{"level":"info","message":"Data Source has been initialized!"}
{"level":"info","message":"Listening at http://localhost:3333"}
{"level":"info","message":"Data Source has been initialized!"}
{"level":"info","message":"Listening at http://localhost:3333"}
{"level":"info","message":"Data Source has been initialized!"}
{"level":"info","message":"Listening at http://localhost:3333"}
{"level":"info","message":"Data Source has been initialized!"}
{"level":"info","message":"Listening at http://localhost:3333"}
{"level":"info","message":"Data Source has been initialized!"}
{"level":"info","message":"Listening at http://localhost:3333"}
{"level":"info","message":"Data Source has been initialized!"}
{"level":"info","message":"Listening at http://localhost:3333"}
{"level":"info","message":"Data Source has been initialized!"}
{"level":"info","message":"Listening at http://localhost:3333"}
{"level":"info","message":"Data Source has been initialized!"}
{"level":"info","message":"Listening at http://localhost:3333"}
{"level":"info","message":"Data Source has been initialized!"}
{"level":"info","message":"Listening at http://localhost:3333"}
{"level":"info","message":"Data Source has been initialized!"}
{"level":"info","message":"Listening at http://localhost:3333"}
{"level":"info","message":"Data Source has been initialized!"}
{"level":"info","message":"Listening at http://localhost:3333"}
{"level":"info","message":"Data Source has been initialized!"}
{"level":"info","message":"Listening at http://localhost:3333"}
{"level":"info","message":"Data Source has been initialized!"}
{"level":"info","message":"Listening at http://localhost:3333"}
{"level":"info","message":"Data Source has been initialized!"}
{"level":"info","message":"Listening at http://localhost:3333"}
{"level":"info","message":"Data Source has been initialized!"}
{"level":"info","message":"Listening at http://localhost:3333"}
{"level":"info","message":"Data Source has been initialized!"}
{"level":"info","message":"Listening at http://localhost:3333"}
{"level":"info","message":"Data Source has been initialized!"}
{"level":"info","message":"Listening at http://localhost:3333"}
{"level":"info","message":"Data Source has been initialized!"}
{"level":"info","message":"Listening at http://localhost:3333"}
{"level":"info","message":"Data Source has been initialized!"}
{"level":"info","message":"Listening at http://localhost:3333"}
{"level":"info","message":"Data Source has been initialized!"}
{"level":"info","message":"Listening at http://localhost:3333"}
{"level":"info","message":"Data Source has been initialized!"}
{"level":"info","message":"Listening at http://localhost:3333"}
{"level":"error","message":"UNHANDLED REJECTION! 💥 Shutting down..."}
{"level":"error","message":"TypeError"}
{"level":"info","message":"Data Source has been initialized!"}
{"level":"info","message":"Listening at http://localhost:3333"}
{"level":"error","message":"UNHANDLED REJECTION! 💥 Shutting down..."}
{"level":"error","message":"TypeError"}
{"level":"info","message":"Data Source has been initialized!"}
{"level":"info","message":"Listening at http://localhost:3333"}
{"level":"info","message":"Data Source has been initialized!"}
{"level":"info","message":"Listening at http://localhost:3333"}
{"level":"info","message":"Data Source has been initialized!"}
{"level":"info","message":"Listening at http://localhost:3333"}
{"level":"info","message":"Data Source has been initialized!"}
{"level":"info","message":"Listening at http://localhost:3333"}
{"level":"info","message":"Data Source has been initialized!"}
{"level":"info","message":"Listening at http://localhost:3333"}
{"level":"info","message":"Data Source has been initialized!"}
{"level":"info","message":"Listening at http://localhost:3333"}
{"level":"info","message":"Data Source has been initialized!"}
{"level":"info","message":"Listening at http://localhost:3333"}
{"level":"info","message":"Data Source has been initialized!"}
{"level":"info","message":"Listening at http://localhost:3333"}
{"level":"info","message":"Data Source has been initialized!"}
{"level":"info","message":"Listening at http://localhost:3333"}
{"level":"info","message":"Data Source has been initialized!"}
{"level":"info","message":"Listening at http://localhost:3333"}
{"level":"info","message":"Data Source has been initialized!"}
{"level":"info","message":"Listening at http://localhost:3333"}
{"level":"info","message":"Data Source has been initialized!"}
{"level":"info","message":"Listening at http://localhost:3333"}
{"level":"info","message":"Data Source has been initialized!"}
{"level":"info","message":"Listening at http://localhost:3333"}
{"level":"info","message":"Data Source has been initialized!"}
{"level":"info","message":"Listening at http://localhost:3333"}
{"level":"info","message":"Data Source has been initialized!"}
{"level":"info","message":"Listening at http://localhost:3333"}
{"level":"info","message":"Data Source has been initialized!"}
{"level":"info","message":"Listening at http://localhost:3333"}
{"level":"info","message":"Data Source has been initialized!"}
{"level":"info","message":"Listening at http://localhost:3333"}
{"level":"info","message":"Data Source has been initialized!"}
{"level":"info","message":"Listening at http://localhost:3333"}
{"level":"info","message":"Data Source has been initialized!"}
{"level":"info","message":"Listening at http://localhost:3333"}
{"level":"info","message":"Data Source has been initialized!"}
{"level":"info","message":"Listening at http://localhost:3333"}
{"level":"info","message":"Data Source has been initialized!"}
{"level":"info","message":"Listening at http://localhost:3333"}
{"level":"info","message":"Data Source has been initialized!"}
{"level":"info","message":"Listening at http://localhost:3333"}
{"level":"info","message":"Data Source has been initialized!"}
{"level":"info","message":"Listening at http://localhost:3333"}
{"level":"info","message":"Data Source has been initialized!"}
{"level":"info","message":"Listening at http://localhost:3333"}
{"level":"info","message":"Data Source has been initialized!"}
{"level":"info","message":"Listening at http://localhost:3333"}
{"level":"info","message":"Data Source has been initialized!"}
{"level":"info","message":"Listening at http://localhost:3333"}
{"level":"info","message":"Data Source has been initialized!"}
{"level":"info","message":"Listening at http://localhost:3333"}
{"level":"error","message":"Error during Data Source initialization: value.toUpperCase is not a function","stack":"TypeError: value.toUpperCase is not a function\n    at MysqlDriver.normalizeDatetimeFunction (/home/remy/Desktop/savy/src/driver/mysql/MysqlDriver.ts:1311:19)\n    at MysqlDriver.normalizeDefault (/home/remy/Desktop/savy/src/driver/mysql/MysqlDriver.ts:791:25)\n    at Function.createTableColumnOptions (/home/remy/Desktop/savy/src/schema-builder/util/TableUtils.ts:22:29)\n    at /home/remy/Desktop/savy/src/schema-builder/RdbmsSchemaBuilder.ts:1175:24\n    at Array.map (<anonymous>)\n    at RdbmsSchemaBuilder.metadataColumnsToTableColumnOptions (/home/remy/Desktop/savy/src/schema-builder/RdbmsSchemaBuilder.ts:1174:24)\n    at RdbmsSchemaBuilder.addNewColumns (/home/remy/Desktop/savy/src/schema-builder/RdbmsSchemaBuilder.ts:730:22)\n    at RdbmsSchemaBuilder.executeSchemaSyncOperationsInProperOrder (/home/remy/Desktop/savy/src/schema-builder/RdbmsSchemaBuilder.ts:219:20)\n    at processTicksAndRejections (node:internal/process/task_queues:95:5)\n    at RdbmsSchemaBuilder.build (/home/remy/Desktop/savy/src/schema-builder/RdbmsSchemaBuilder.ts:91:13)"}
{"level":"error","message":"Error during Data Source initialization: value.toUpperCase is not a function","stack":"TypeError: value.toUpperCase is not a function\n    at MysqlDriver.normalizeDatetimeFunction (/home/remy/Desktop/savy/src/driver/mysql/MysqlDriver.ts:1311:19)\n    at MysqlDriver.normalizeDefault (/home/remy/Desktop/savy/src/driver/mysql/MysqlDriver.ts:791:25)\n    at Function.createTableColumnOptions (/home/remy/Desktop/savy/src/schema-builder/util/TableUtils.ts:22:29)\n    at /home/remy/Desktop/savy/src/schema-builder/RdbmsSchemaBuilder.ts:1175:24\n    at Array.map (<anonymous>)\n    at RdbmsSchemaBuilder.metadataColumnsToTableColumnOptions (/home/remy/Desktop/savy/src/schema-builder/RdbmsSchemaBuilder.ts:1174:24)\n    at RdbmsSchemaBuilder.addNewColumns (/home/remy/Desktop/savy/src/schema-builder/RdbmsSchemaBuilder.ts:730:22)\n    at RdbmsSchemaBuilder.executeSchemaSyncOperationsInProperOrder (/home/remy/Desktop/savy/src/schema-builder/RdbmsSchemaBuilder.ts:219:20)\n    at processTicksAndRejections (node:internal/process/task_queues:95:5)\n    at RdbmsSchemaBuilder.build (/home/remy/Desktop/savy/src/schema-builder/RdbmsSchemaBuilder.ts:91:13)"}
{"level":"error","message":"Error during Data Source initialization: value.toUpperCase is not a function","stack":"TypeError: value.toUpperCase is not a function\n    at MysqlDriver.normalizeDatetimeFunction (/home/remy/Desktop/savy/src/driver/mysql/MysqlDriver.ts:1311:19)\n    at MysqlDriver.normalizeDefault (/home/remy/Desktop/savy/src/driver/mysql/MysqlDriver.ts:791:25)\n    at Function.createTableColumnOptions (/home/remy/Desktop/savy/src/schema-builder/util/TableUtils.ts:22:29)\n    at /home/remy/Desktop/savy/src/schema-builder/RdbmsSchemaBuilder.ts:1175:24\n    at Array.map (<anonymous>)\n    at RdbmsSchemaBuilder.metadataColumnsToTableColumnOptions (/home/remy/Desktop/savy/src/schema-builder/RdbmsSchemaBuilder.ts:1174:24)\n    at RdbmsSchemaBuilder.addNewColumns (/home/remy/Desktop/savy/src/schema-builder/RdbmsSchemaBuilder.ts:730:22)\n    at RdbmsSchemaBuilder.executeSchemaSyncOperationsInProperOrder (/home/remy/Desktop/savy/src/schema-builder/RdbmsSchemaBuilder.ts:219:20)\n    at processTicksAndRejections (node:internal/process/task_queues:95:5)\n    at RdbmsSchemaBuilder.build (/home/remy/Desktop/savy/src/schema-builder/RdbmsSchemaBuilder.ts:91:13)"}
{"level":"error","message":"Error during Data Source initialization: value.toUpperCase is not a function","stack":"TypeError: value.toUpperCase is not a function\n    at MysqlDriver.normalizeDatetimeFunction (/home/remy/Desktop/savy/src/driver/mysql/MysqlDriver.ts:1311:19)\n    at MysqlDriver.normalizeDefault (/home/remy/Desktop/savy/src/driver/mysql/MysqlDriver.ts:791:25)\n    at Function.createTableColumnOptions (/home/remy/Desktop/savy/src/schema-builder/util/TableUtils.ts:22:29)\n    at /home/remy/Desktop/savy/src/schema-builder/RdbmsSchemaBuilder.ts:1175:24\n    at Array.map (<anonymous>)\n    at RdbmsSchemaBuilder.metadataColumnsToTableColumnOptions (/home/remy/Desktop/savy/src/schema-builder/RdbmsSchemaBuilder.ts:1174:24)\n    at RdbmsSchemaBuilder.addNewColumns (/home/remy/Desktop/savy/src/schema-builder/RdbmsSchemaBuilder.ts:730:22)\n    at RdbmsSchemaBuilder.executeSchemaSyncOperationsInProperOrder (/home/remy/Desktop/savy/src/schema-builder/RdbmsSchemaBuilder.ts:219:20)\n    at processTicksAndRejections (node:internal/process/task_queues:95:5)\n    at RdbmsSchemaBuilder.build (/home/remy/Desktop/savy/src/schema-builder/RdbmsSchemaBuilder.ts:91:13)"}
{"level":"info","message":"Data Source has been initialized!"}
{"level":"info","message":"Listening at http://localhost:3333"}
{"level":"info","message":"Data Source has been initialized!"}
{"level":"info","message":"Listening at http://localhost:3333"}
{"level":"info","message":"Data Source has been initialized!"}
{"level":"info","message":"Listening at http://localhost:3333"}
{"level":"info","message":"Data Source has been initialized!"}
{"level":"info","message":"Listening at http://localhost:3333"}
{"level":"info","message":"Data Source has been initialized!"}
{"level":"info","message":"Listening at http://localhost:3333"}
{"level":"info","message":"Data Source has been initialized!"}
{"level":"info","message":"Listening at http://localhost:3333"}
{"level":"error","message":"UNHANDLED REJECTION! 💥 Shutting down..."}
{"level":"error","message":"TypeError"}
{"level":"info","message":"Data Source has been initialized!"}
{"level":"info","message":"Listening at http://localhost:3333"}
{"level":"info","message":"Data Source has been initialized!"}
{"level":"info","message":"Listening at http://localhost:3333"}
{"level":"info","message":"Data Source has been initialized!"}
{"level":"info","message":"Listening at http://localhost:3333"}
{"level":"error","message":"UNHANDLED REJECTION! 💥 Shutting down..."}
{"level":"error","message":"TypeError"}
{"level":"info","message":"Data Source has been initialized!"}
{"level":"info","message":"Listening at http://localhost:3333"}
{"level":"error","message":"UNHANDLED REJECTION! 💥 Shutting down..."}
{"level":"error","message":"TypeError"}
{"level":"info","message":"Data Source has been initialized!"}
{"level":"info","message":"Listening at http://localhost:3333"}
{"level":"info","message":"Data Source has been initialized!"}
{"level":"info","message":"Listening at http://localhost:3333"}
{"level":"error","message":"UNHANDLED REJECTION! 💥 Shutting down..."}
{"level":"error","message":"TypeError"}
{"level":"info","message":"Data Source has been initialized!"}
{"level":"info","message":"Listening at http://localhost:3333"}
{"level":"error","message":"UNHANDLED REJECTION! 💥 Shutting down..."}
{"level":"error","message":"TypeError"}
{"level":"info","message":"Data Source has been initialized!"}
{"level":"info","message":"Listening at http://localhost:3333"}
{"level":"info","message":"Data Source has been initialized!"}
{"level":"info","message":"Listening at http://localhost:3333"}
{"level":"info","message":"Data Source has been initialized!"}
{"level":"info","message":"Listening at http://localhost:3333"}
{"level":"info","message":"Data Source has been initialized!"}
{"level":"info","message":"Listening at http://localhost:3333"}
{"level":"info","message":"Data Source has been initialized!"}
{"level":"info","message":"Listening at http://localhost:3333"}
{"level":"info","message":"Data Source has been initialized!"}
{"level":"info","message":"Listening at http://localhost:3333"}
{"level":"error","message":"UNHANDLED REJECTION! 💥 Shutting down..."}
{"level":"error","message":"TypeError"}
{"level":"info","message":"Data Source has been initialized!"}
{"level":"info","message":"Listening at http://localhost:3333"}
{"level":"info","message":"Data Source has been initialized!"}
{"level":"info","message":"Listening at http://localhost:3333"}
{"level":"info","message":"Data Source has been initialized!"}
{"level":"info","message":"Listening at http://localhost:3333"}
{"level":"error","message":"UNHANDLED REJECTION! 💥 Shutting down..."}
{"level":"error","message":"TypeError"}
{"level":"info","message":"Data Source has been initialized!"}
{"level":"info","message":"Listening at http://localhost:3333"}
{"level":"info","message":"Data Source has been initialized!"}
{"level":"info","message":"Listening at http://localhost:3333"}
{"level":"info","message":"Data Source has been initialized!"}
{"level":"info","message":"Listening at http://localhost:3333"}
{"level":"info","message":"Data Source has been initialized!"}
{"level":"info","message":"Listening at http://localhost:3333"}
{"level":"info","message":"Data Source has been initialized!"}
{"level":"info","message":"Listening at http://localhost:3333"}
{"level":"error","message":"UNHANDLED REJECTION! 💥 Shutting down..."}
{"level":"error","message":"TypeError"}
{"level":"info","message":"Data Source has been initialized!"}
{"level":"info","message":"Listening at http://localhost:3333"}
{"level":"info","message":"Data Source has been initialized!"}
{"level":"info","message":"Listening at http://localhost:3333"}
{"level":"info","message":"Data Source has been initialized!"}
{"level":"info","message":"Listening at http://localhost:3333"}
{"level":"info","message":"Data Source has been initialized!"}
{"level":"info","message":"Listening at http://localhost:3333"}
{"level":"error","message":"UNHANDLED REJECTION! 💥 Shutting down..."}
{"level":"error","message":"TypeError"}
{"level":"info","message":"Data Source has been initialized!"}
{"level":"info","message":"Listening at http://localhost:3333"}
{"level":"info","message":"Data Source has been initialized!"}
{"level":"info","message":"Listening at http://localhost:3333"}
{"level":"info","message":"Data Source has been initialized!"}
{"level":"info","message":"Listening at http://localhost:3333"}
{"level":"info","message":"Data Source has been initialized!"}
{"level":"info","message":"Listening at http://localhost:3333"}
{"level":"info","message":"Data Source has been initialized!"}
{"level":"info","message":"Listening at http://localhost:3333"}
{"level":"error","message":"UNHANDLED REJECTION! 💥 Shutting down..."}
{"level":"error","message":"Error"}
{"level":"info","message":"Data Source has been initialized!"}
{"level":"info","message":"Listening at http://localhost:3333"}
{"level":"error","message":"UNHANDLED REJECTION! 💥 Shutting down..."}
{"level":"error","message":"Error"}
{"level":"info","message":"Data Source has been initialized!"}
{"level":"info","message":"Listening at http://localhost:3333"}
{"level":"error","message":"UNHANDLED REJECTION! 💥 Shutting down..."}
{"level":"error","message":"Error"}
{"level":"info","message":"Data Source has been initialized!"}
{"level":"info","message":"Listening at http://localhost:3333"}
{"level":"info","message":"Data Source has been initialized!"}
{"level":"info","message":"Listening at http://localhost:3333"}
{"level":"info","message":"Data Source has been initialized!"}
{"level":"info","message":"Listening at http://localhost:3333"}
{"level":"error","message":"UNHANDLED REJECTION! 💥 Shutting down..."}
{"level":"error","message":"Error"}
{"level":"info","message":"Data Source has been initialized!"}
{"level":"info","message":"Listening at http://localhost:3333"}
{"level":"error","message":"UNHANDLED REJECTION! 💥 Shutting down..."}
{"level":"error","message":"Error"}
{"level":"info","message":"Data Source has been initialized!"}
{"level":"info","message":"Listening at http://localhost:3333"}
{"level":"info","message":"Data Source has been initialized!"}
{"level":"info","message":"Listening at http://localhost:3333"}
{"level":"info","message":"Data Source has been initialized!"}
{"level":"info","message":"Listening at http://localhost:3333"}
{"level":"info","message":"Data Source has been initialized!"}
{"level":"info","message":"Listening at http://localhost:3333"}
{"level":"info","message":"Data Source has been initialized!"}
{"level":"info","message":"Listening at http://localhost:3333"}
{"level":"info","message":"Data Source has been initialized!"}
{"level":"info","message":"Listening at http://localhost:3333"}
{"level":"info","message":"Data Source has been initialized!"}
{"level":"info","message":"Listening at http://localhost:3333"}
{"level":"info","message":"Data Source has been initialized!"}
{"level":"info","message":"Listening at http://localhost:3333"}
{"level":"info","message":"Data Source has been initialized!"}
{"level":"info","message":"Listening at http://localhost:3333"}
{"level":"info","message":"Data Source has been initialized!"}
{"level":"info","message":"Listening at http://localhost:3333"}
{"level":"info","message":"Data Source has been initialized!"}
{"level":"info","message":"Listening at http://localhost:3333"}
{"level":"info","message":"Data Source has been initialized!"}
{"level":"info","message":"Listening at http://localhost:3333"}
{"level":"info","message":"Data Source has been initialized!"}
{"level":"info","message":"Listening at http://localhost:3333"}
{"level":"info","message":"Data Source has been initialized!"}
{"level":"info","message":"Listening at http://localhost:3333"}
{"level":"info","message":"Data Source has been initialized!"}
{"level":"info","message":"Listening at http://localhost:3333"}
{"level":"info","message":"Data Source has been initialized!"}
{"level":"info","message":"Listening at http://localhost:3333"}
{"level":"info","message":"Data Source has been initialized!"}
{"level":"info","message":"Listening at http://localhost:3333"}
{"level":"info","message":"Data Source has been initialized!"}
{"level":"info","message":"Listening at http://localhost:3333"}
{"level":"info","message":"Data Source has been initialized!"}
{"level":"info","message":"Listening at http://localhost:3333"}
{"level":"info","message":"Data Source has been initialized!"}
{"level":"info","message":"Listening at http://localhost:3333"}
{"level":"info","message":"Data Source has been initialized!"}
{"level":"info","message":"Listening at http://localhost:3333"}
{"level":"info","message":"Data Source has been initialized!"}
{"level":"info","message":"Listening at http://localhost:3333"}
{"level":"info","message":"Data Source has been initialized!"}
{"level":"info","message":"Listening at http://localhost:3333"}
{"level":"error","message":"Error during Data Source initialization: value.toUpperCase is not a function","stack":"TypeError: value.toUpperCase is not a function\n    at MysqlDriver.normalizeDatetimeFunction (/home/remy/Desktop/savy/src/driver/mysql/MysqlDriver.ts:1311:19)\n    at MysqlDriver.normalizeDefault (/home/remy/Desktop/savy/src/driver/mysql/MysqlDriver.ts:791:25)\n    at Function.createTableColumnOptions (/home/remy/Desktop/savy/src/schema-builder/util/TableUtils.ts:22:29)\n    at /home/remy/Desktop/savy/src/schema-builder/RdbmsSchemaBuilder.ts:1175:24\n    at Array.map (<anonymous>)\n    at RdbmsSchemaBuilder.metadataColumnsToTableColumnOptions (/home/remy/Desktop/savy/src/schema-builder/RdbmsSchemaBuilder.ts:1174:24)\n    at RdbmsSchemaBuilder.addNewColumns (/home/remy/Desktop/savy/src/schema-builder/RdbmsSchemaBuilder.ts:730:22)\n    at RdbmsSchemaBuilder.executeSchemaSyncOperationsInProperOrder (/home/remy/Desktop/savy/src/schema-builder/RdbmsSchemaBuilder.ts:219:20)\n    at processTicksAndRejections (node:internal/process/task_queues:95:5)\n    at RdbmsSchemaBuilder.build (/home/remy/Desktop/savy/src/schema-builder/RdbmsSchemaBuilder.ts:91:13)"}
{"code":"ER_INVALID_DEFAULT","driverError":{"code":"ER_INVALID_DEFAULT","errno":1067,"index":0,"sql":"ALTER TABLE `users` ADD `created_at` datetime NOT NULL DEFAULT '1662753054190'","sqlMessage":"Invalid default value for 'created_at'","sqlState":"42000"},"errno":1067,"index":0,"level":"error","message":"Error during Data Source initialization: ER_INVALID_DEFAULT: Invalid default value for 'created_at'","query":"ALTER TABLE `users` ADD `created_at` datetime NOT NULL DEFAULT '1662753054190'","sql":"ALTER TABLE `users` ADD `created_at` datetime NOT NULL DEFAULT '1662753054190'","sqlMessage":"Invalid default value for 'created_at'","sqlState":"42000","stack":"QueryFailedError: ER_INVALID_DEFAULT: Invalid default value for 'created_at'\n    at Query.<anonymous> (/home/remy/Desktop/savy/src/driver/mysql/MysqlQueryRunner.ts:222:33)\n    at Query.<anonymous> (/home/remy/Desktop/savy/node_modules/mysql/lib/Connection.js:526:10)\n    at Query._callback (/home/remy/Desktop/savy/node_modules/mysql/lib/Connection.js:488:16)\n    at Query.Sequence.end (/home/remy/Desktop/savy/node_modules/mysql/lib/protocol/sequences/Sequence.js:83:24)\n    at Query.ErrorPacket (/home/remy/Desktop/savy/node_modules/mysql/lib/protocol/sequences/Query.js:92:8)\n    at Protocol._parsePacket (/home/remy/Desktop/savy/node_modules/mysql/lib/protocol/Protocol.js:291:23)\n    at Parser._parsePacket (/home/remy/Desktop/savy/node_modules/mysql/lib/protocol/Parser.js:433:10)\n    at Parser.write (/home/remy/Desktop/savy/node_modules/mysql/lib/protocol/Parser.js:43:10)\n    at Protocol.write (/home/remy/Desktop/savy/node_modules/mysql/lib/protocol/Protocol.js:38:16)\n    at Socket.<anonymous> (/home/remy/Desktop/savy/node_modules/mysql/lib/Connection.js:88:28)"}
{"level":"info","message":"Data Source has been initialized!"}
{"level":"info","message":"Listening at http://localhost:3333"}
{"level":"info","message":"Data Source has been initialized!"}
{"level":"info","message":"Listening at http://localhost:3333"}
{"level":"info","message":"Data Source has been initialized!"}
{"level":"info","message":"Listening at http://localhost:3333"}
{"level":"info","message":"Data Source has been initialized!"}
{"level":"info","message":"Listening at http://localhost:3333"}
{"level":"info","message":"Data Source has been initialized!"}
{"level":"info","message":"Listening at http://localhost:3333"}
{"level":"info","message":"Data Source has been initialized!"}
{"level":"info","message":"Listening at http://localhost:3333"}
{"level":"info","message":"Data Source has been initialized!"}
{"level":"info","message":"Listening at http://localhost:3333"}
{"level":"info","message":"Data Source has been initialized!"}
{"level":"info","message":"Listening at http://localhost:3333"}
{"level":"info","message":"Data Source has been initialized!"}
{"level":"info","message":"Listening at http://localhost:3333"}
{"level":"info","message":"Data Source has been initialized!"}
{"level":"info","message":"Listening at http://localhost:3333"}
{"level":"info","message":"Data Source has been initialized!"}
{"level":"info","message":"Listening at http://localhost:3333"}
{"level":"info","message":"Data Source has been initialized!"}
{"level":"info","message":"Listening at http://localhost:3333"}
{"level":"info","message":"Data Source has been initialized!"}
{"level":"info","message":"Listening at http://localhost:3333"}
{"level":"info","message":"Data Source has been initialized!"}
{"level":"info","message":"Listening at http://localhost:3333"}
{"level":"info","message":"Data Source has been initialized!"}
{"level":"info","message":"Listening at http://localhost:3333"}
{"level":"info","message":"Data Source has been initialized!"}
{"level":"info","message":"Listening at http://localhost:3333"}
{"level":"info","message":"Data Source has been initialized!"}
{"level":"info","message":"Listening at http://localhost:3333"}
{"level":"error","message":"UNHANDLED REJECTION! 💥 Shutting down..."}
{"level":"error","message":"InternalServerError"}
{"level":"info","message":"Data Source has been initialized!"}
{"level":"info","message":"Listening at http://localhost:3333"}
{"level":"info","message":"Data Source has been initialized!"}
{"level":"info","message":"Listening at http://localhost:3333"}
{"level":"error","message":"UNHANDLED REJECTION! 💥 Shutting down..."}
{"level":"error","message":"BadRequestError"}
{"level":"info","message":"Data Source has been initialized!"}
{"level":"info","message":"Listening at http://localhost:3333"}
{"level":"info","message":"Data Source has been initialized!"}
{"level":"info","message":"Listening at http://localhost:3333"}
{"level":"info","message":"Data Source has been initialized!"}
{"level":"info","message":"Listening at http://localhost:3333"}
{"level":"info","message":"Data Source has been initialized!"}
{"level":"info","message":"Listening at http://localhost:3333"}
{"level":"info","message":"Data Source has been initialized!"}
{"level":"info","message":"Listening at http://localhost:3333"}
